Flow report for coder_stack
Fri Apr 10 02:45:48 2020
Quartus Prime Version 18.1.0 Build 625 09/12/2018 SJ Lite Edition


---------------------
; Table of Contents ;
---------------------
  1. Legal Notice
  2. Flow Summary
  3. Flow Settings
  4. Flow Non-Default Global Settings
  5. Flow Elapsed Time
  6. Flow OS Summary
  7. Flow Log
  8. Flow Messages
  9. Flow Suppressed Messages



----------------
; Legal Notice ;
----------------
Copyright (C) 2018  Intel Corporation. All rights reserved.
Your use of Intel Corporation's design tools, logic functions 
and other software and tools, and its AMPP partner logic 
functions, and any output files from any of the foregoing 
(including device programming or simulation files), and any 
associated documentation or information are expressly subject 
to the terms and conditions of the Intel Program License 
Subscription Agreement, the Intel Quartus Prime License Agreement,
the Intel FPGA IP License Agreement, or other applicable license
agreement, including, without limitation, that your use is for
the sole purpose of programming logic devices manufactured by
Intel and sold by Intel or its authorized distributors.  Please
refer to the applicable agreement for further details.



+-------------------------------------------------------------------------------+
; Flow Summary                                                                  ;
+---------------------------------+---------------------------------------------+
; Flow Status                     ; Successful - Fri Apr 10 02:45:48 2020       ;
; Quartus Prime Version           ; 18.1.0 Build 625 09/12/2018 SJ Lite Edition ;
; Revision Name                   ; coder_stack                                 ;
; Top-level Entity Name           ; encoder_top_parallel                        ;
; Family                          ; Cyclone V                                   ;
; Device                          ; 5CEBA4F23C7                                 ;
; Timing Models                   ; Final                                       ;
; Logic utilization (in ALMs)     ; 81 / 18,480 ( < 1 % )                       ;
; Total registers                 ; 111                                         ;
; Total pins                      ; 51 / 224 ( 23 % )                           ;
; Total virtual pins              ; 0                                           ;
; Total block memory bits         ; 8,192 / 3,153,920 ( < 1 % )                 ;
; Total DSP Blocks                ; 0 / 66 ( 0 % )                              ;
; Total HSSI RX PCSs              ; 0                                           ;
; Total HSSI PMA RX Deserializers ; 0                                           ;
; Total HSSI TX PCSs              ; 0                                           ;
; Total HSSI PMA TX Serializers   ; 0                                           ;
; Total PLLs                      ; 0 / 4 ( 0 % )                               ;
; Total DLLs                      ; 0 / 4 ( 0 % )                               ;
+---------------------------------+---------------------------------------------+


+-----------------------------------------+
; Flow Settings                           ;
+-------------------+---------------------+
; Option            ; Setting             ;
+-------------------+---------------------+
; Start date & time ; 04/10/2020 02:41:16 ;
; Main task         ; Compilation         ;
; Revision Name     ; coder_stack         ;
+-------------------+---------------------+


+---------------------------------------------------------------------------------------------------------------------------------------+
; Flow Non-Default Global Settings                                                                                                      ;
+--------------------------------------+----------------------------------------+---------------+----------------------+----------------+
; Assignment Name                      ; Value                                  ; Default Value ; Entity Name          ; Section Id     ;
+--------------------------------------+----------------------------------------+---------------+----------------------+----------------+
; COMPILER_SIGNATURE_ID                ; 1098883851478.158650087609564          ; --            ; --                   ; --             ;
; EDA_DESIGN_INSTANCE_NAME             ; NA                                     ; --            ; --                   ; tb_full        ;
; EDA_DESIGN_INSTANCE_NAME             ; NA                                     ; --            ; --                   ; tb_htb         ;
; EDA_NATIVELINK_SIMULATION_TEST_BENCH ; tb_full                                ; --            ; --                   ; eda_simulation ;
; EDA_OUTPUT_DATA_FORMAT               ; Verilog Hdl                            ; --            ; --                   ; eda_simulation ;
; EDA_SIMULATION_TOOL                  ; ModelSim-Altera (Verilog)              ; <None>        ; --                   ; --             ;
; EDA_TEST_BENCH_ENABLE_STATUS         ; TEST_BENCH_MODE                        ; --            ; --                   ; eda_simulation ;
; EDA_TEST_BENCH_FILE                  ; tb/tb_full_sys.v                       ; --            ; --                   ; tb_full        ;
; EDA_TEST_BENCH_FILE                  ; tb/tb_htb_coder_stack.v                ; --            ; --                   ; tb_htb         ;
; EDA_TEST_BENCH_MODULE_NAME           ; tb_full                                ; --            ; --                   ; tb_full        ;
; EDA_TEST_BENCH_MODULE_NAME           ; tb_mem_htb                             ; --            ; --                   ; tb_htb         ;
; EDA_TEST_BENCH_NAME                  ; tb_full                                ; --            ; --                   ; eda_simulation ;
; EDA_TEST_BENCH_NAME                  ; tb_htb                                 ; --            ; --                   ; eda_simulation ;
; EDA_TEST_BENCH_RUN_SIM_FOR           ; 100 us                                 ; --            ; --                   ; tb_full        ;
; EDA_TEST_BENCH_RUN_SIM_FOR           ; 100 us                                 ; --            ; --                   ; tb_htb         ;
; EDA_TIME_SCALE                       ; 1 ps                                   ; --            ; --                   ; eda_simulation ;
; MAX_CORE_JUNCTION_TEMP               ; 85                                     ; --            ; --                   ; --             ;
; MIN_CORE_JUNCTION_TEMP               ; 0                                      ; --            ; --                   ; --             ;
; MISC_FILE                            ; enc/mux_4to1_3wide_bb.v                ; --            ; --                   ; --             ;
; MISC_FILE                            ; enc/mux_2to1_3wide_bb.v                ; --            ; --                   ; --             ;
; MISC_FILE                            ; enc/counter4_bb.v                      ; --            ; --                   ; --             ;
; MISC_FILE                            ; enc/compare_2bit_bb.v                  ; --            ; --                   ; --             ;
; MISC_FILE                            ; cdseg/IP/shiftreg_inst.v               ; --            ; --                   ; --             ;
; MISC_FILE                            ; cdseg/IP/shiftreg_bb.v                 ; --            ; --                   ; --             ;
; MISC_FILE                            ; cdseg/IP/register_8bits_inst.v         ; --            ; --                   ; --             ;
; MISC_FILE                            ; cdseg/IP/register_2bits_inst.v         ; --            ; --                   ; --             ;
; MISC_FILE                            ; cdseg/IP/register_2bits_bb.v           ; --            ; --                   ; --             ;
; MISC_FILE                            ; cdseg/IP/register_1bit_inst.v          ; --            ; --                   ; --             ;
; MISC_FILE                            ; cdseg/IP/register_1bit_bb.v            ; --            ; --                   ; --             ;
; MISC_FILE                            ; cdseg/IP/mux_ip_inst.v                 ; --            ; --                   ; --             ;
; MISC_FILE                            ; cdseg/IP/mux_ip_bb.v                   ; --            ; --                   ; --             ;
; MISC_FILE                            ; cdseg/IP/itl_fifo_inst.v               ; --            ; --                   ; --             ;
; MISC_FILE                            ; cdseg/IP/itl_fifo_bb.v                 ; --            ; --                   ; --             ;
; MISC_FILE                            ; cdseg/IP/fifo20_bb.v                   ; --            ; --                   ; --             ;
; MISC_FILE                            ; cdseg/IP/fifo16_bb.v                   ; --            ; --                   ; --             ;
; MISC_FILE                            ; cdseg/IP/fifo_tb_inst.v                ; --            ; --                   ; --             ;
; MISC_FILE                            ; cdseg/IP/fifo_tb_bb.v                  ; --            ; --                   ; --             ;
; MISC_FILE                            ; cdseg/IP/enc_fifo_inst.v               ; --            ; --                   ; --             ;
; MISC_FILE                            ; cdseg/IP/enc_fifo_bb.v                 ; --            ; --                   ; --             ;
; MISC_FILE                            ; cdseg/IP/counter_16bits_inst.v         ; --            ; --                   ; --             ;
; MISC_FILE                            ; cdseg/IP/counter_16bits_bb.v           ; --            ; --                   ; --             ;
; MISC_FILE                            ; cdseg/IP/counter_5bits_inst.v          ; --            ; --                   ; --             ;
; MISC_FILE                            ; cdseg/IP/counter_5bits_bb.v            ; --            ; --                   ; --             ;
; MISC_FILE                            ; tb/IP/delay2_inst.v                    ; --            ; --                   ; --             ;
; MISC_FILE                            ; tb/IP/ref_small_inst.v                 ; --            ; --                   ; --             ;
; MISC_FILE                            ; tb/IP/delay3_inst.v                    ; --            ; --                   ; --             ;
; MISC_FILE                            ; tb/IP/delay3_bb.v                      ; --            ; --                   ; --             ;
; NUM_PARALLEL_PROCESSORS              ; All                                    ; --            ; --                   ; --             ;
; PARTITION_COLOR                      ; -- (Not supported for targeted family) ; --            ; encoder_top_parallel ; Top            ;
; PARTITION_FITTER_PRESERVATION_LEVEL  ; -- (Not supported for targeted family) ; --            ; encoder_top_parallel ; Top            ;
; PARTITION_NETLIST_TYPE               ; -- (Not supported for targeted family) ; --            ; encoder_top_parallel ; Top            ;
; POWER_BOARD_THERMAL_MODEL            ; None (CONSERVATIVE)                    ; --            ; --                   ; --             ;
; POWER_PRESET_COOLING_SOLUTION        ; 23 MM HEAT SINK WITH 200 LFPM AIRFLOW  ; --            ; --                   ; --             ;
; PROJECT_OUTPUT_DIRECTORY             ; output_files                           ; --            ; --                   ; --             ;
; TOP_LEVEL_ENTITY                     ; encoder_top_parallel                   ; coder_stack   ; --                   ; --             ;
+--------------------------------------+----------------------------------------+---------------+----------------------+----------------+


+--------------------------------------------------------------------------------------------------------------------------+
; Flow Elapsed Time                                                                                                        ;
+----------------------+--------------+-------------------------+---------------------+------------------------------------+
; Module Name          ; Elapsed Time ; Average Processors Used ; Peak Virtual Memory ; Total CPU Time (on all processors) ;
+----------------------+--------------+-------------------------+---------------------+------------------------------------+
; Analysis & Synthesis ; 00:00:11     ; 1.0                     ; 4872 MB             ; 00:00:20                           ;
; Fitter               ; 00:00:22     ; 1.0                     ; 6509 MB             ; 00:01:07                           ;
; Assembler            ; 00:00:03     ; 1.0                     ; 4819 MB             ; 00:00:03                           ;
; Timing Analyzer      ; 00:00:05     ; 1.1                     ; 5123 MB             ; 00:00:06                           ;
; EDA Netlist Writer   ; 00:00:01     ; 1.0                     ; 4745 MB             ; 00:00:01                           ;
; EDA Netlist Writer   ; 00:00:02     ; 1.0                     ; 4710 MB             ; 00:00:01                           ;
; EDA Netlist Writer   ; 00:00:02     ; 1.0                     ; 4710 MB             ; 00:00:01                           ;
; EDA Netlist Writer   ; 00:00:02     ; 1.0                     ; 4710 MB             ; 00:00:01                           ;
; EDA Netlist Writer   ; 00:00:01     ; 1.0                     ; 4719 MB             ; 00:00:01                           ;
; Total                ; 00:00:49     ; --                      ; --                  ; 00:01:41                           ;
+----------------------+--------------+-------------------------+---------------------+------------------------------------+


+------------------------------------------------------------------------------------+
; Flow OS Summary                                                                    ;
+----------------------+------------------+------------+------------+----------------+
; Module Name          ; Machine Hostname ; OS Name    ; OS Version ; Processor type ;
+----------------------+------------------+------------+------------+----------------+
; Analysis & Synthesis ; DESKTOP-CFSP6T1  ; Windows 10 ; 10.0       ; x86_64         ;
; Fitter               ; DESKTOP-CFSP6T1  ; Windows 10 ; 10.0       ; x86_64         ;
; Assembler            ; DESKTOP-CFSP6T1  ; Windows 10 ; 10.0       ; x86_64         ;
; Timing Analyzer      ; DESKTOP-CFSP6T1  ; Windows 10 ; 10.0       ; x86_64         ;
; EDA Netlist Writer   ; DESKTOP-CFSP6T1  ; Windows 10 ; 10.0       ; x86_64         ;
; EDA Netlist Writer   ; DESKTOP-CFSP6T1  ; Windows 10 ; 10.0       ; x86_64         ;
; EDA Netlist Writer   ; DESKTOP-CFSP6T1  ; Windows 10 ; 10.0       ; x86_64         ;
; EDA Netlist Writer   ; DESKTOP-CFSP6T1  ; Windows 10 ; 10.0       ; x86_64         ;
; EDA Netlist Writer   ; DESKTOP-CFSP6T1  ; Windows 10 ; 10.0       ; x86_64         ;
+----------------------+------------------+------------+------------+----------------+


------------
; Flow Log ;
------------
quartus_map --read_settings_files=on --write_settings_files=off Channel_Coder -c coder_stack
quartus_fit --read_settings_files=off --write_settings_files=off Channel_Coder -c coder_stack
quartus_asm --read_settings_files=off --write_settings_files=off Channel_Coder -c coder_stack
quartus_sta Channel_Coder -c coder_stack
quartus_eda --read_settings_files=off --write_settings_files=off Channel_Coder -c coder_stack
quartus_eda --gen_testbench --tool=modelsim_oem --format=verilog --write_settings_files=off Channel_Coder -c coder_stack --vector_source=C:/Users/matth/Documents/ECE559/coder-stack/Waveform.vwf --testbench_file=C:/Users/matth/Documents/ECE559/coder-stack/simulation/qsim/Waveform.vwf.vt
quartus_eda --gen_testbench --tool=modelsim_oem --format=verilog --write_settings_files=off Channel_Coder -c coder_stack --vector_source=C:/Users/matth/Documents/ECE559/coder-stack/Waveform.vwf --testbench_file=C:/Users/matth/Documents/ECE559/coder-stack/simulation/qsim/Waveform.vwf.vt
quartus_eda --gen_testbench --tool=modelsim_oem --format=verilog --write_settings_files=off Channel_Coder -c coder_stack --vector_source=C:/Users/matth/Documents/ECE559/coder-stack/Waveform.vwf --testbench_file=C:/Users/matth/Documents/ECE559/coder-stack/simulation/qsim/Waveform.vwf.vt
quartus_eda --write_settings_files=off --simulation=on --functional=on --flatten_buses=off --tool=modelsim_oem --format=verilog --output_directory=C:/Users/matth/Documents/ECE559/coder-stack/simulation/qsim/ Channel_Coder -c coder_stack



